0 info it worked if it ends with ok
1 verbose cli [ '/Users/hara/.nvm/versions/node/v6.10.3/bin/node',
1 verbose cli   '/Users/hara/.nvm/versions/node/v6.10.3/bin/npm',
1 verbose cli   'i' ]
2 info using npm@3.10.10
3 info using node@v6.10.3
4 silly loadCurrentTree Starting
5 silly install loadCurrentTree
6 silly install readLocalPackageData
7 silly install normalizeTree
8 silly loadCurrentTree Finishing
9 silly loadIdealTree Starting
10 silly install loadIdealTree
11 silly cloneCurrentTree Starting
12 silly install cloneCurrentTreeToIdealTree
13 silly cloneCurrentTree Finishing
14 silly loadShrinkwrap Starting
15 silly install loadShrinkwrap
16 silly loadShrinkwrap Finishing
17 silly loadAllDepsIntoIdealTree Starting
18 silly install loadAllDepsIntoIdealTree
19 silly fetchNamedPackageData iconv
20 silly mapToRegistry name iconv
21 silly mapToRegistry using default registry
22 silly mapToRegistry registry https://registry.npmjs.org/
23 silly mapToRegistry data Result {
23 silly mapToRegistry   raw: 'iconv',
23 silly mapToRegistry   scope: null,
23 silly mapToRegistry   escapedName: 'iconv',
23 silly mapToRegistry   name: 'iconv',
23 silly mapToRegistry   rawSpec: '',
23 silly mapToRegistry   spec: 'latest',
23 silly mapToRegistry   type: 'tag' }
24 silly mapToRegistry uri https://registry.npmjs.org/iconv
25 verbose request uri https://registry.npmjs.org/iconv
26 verbose request no auth needed
27 info attempt registry request try #1 at 9:11:43 AM
28 verbose request id 9b700709497d5dac
29 verbose etag W/"82fa3ef928071cf4493c493971e442ac"
30 verbose lastModified Tue, 09 Oct 2018 18:37:36 GMT
31 http request GET https://registry.npmjs.org/iconv
32 http 304 https://registry.npmjs.org/iconv
33 verbose headers { date: 'Wed, 28 Nov 2018 08:11:43 GMT',
33 verbose headers   connection: 'keep-alive',
33 verbose headers   'set-cookie': [ '__cfduid=d7fc53f73ae0f52bc9859cfd76a83da9b1543392703; expires=Thu, 28-Nov-19 08:11:43 GMT; path=/; domain=.registry.npmjs.org; HttpOnly' ],
33 verbose headers   'cf-cache-status': 'HIT',
33 verbose headers   'cache-control': 'max-age=300',
33 verbose headers   'cf-ray': '480b5d8e4bf17c6c-BEG',
33 verbose headers   etag: '"82fa3ef928071cf4493c493971e442ac"',
33 verbose headers   'expect-ct': 'max-age=604800, report-uri="https://report-uri.cloudflare.com/cdn-cgi/beacon/expect-ct"',
33 verbose headers   'last-modified': 'Tue, 09 Oct 2018 18:37:36 GMT',
33 verbose headers   vary: 'accept-encoding, accept',
33 verbose headers   'x-amz-meta-rev': '114-2217f28d167ec4c5a382e741d302aa97',
33 verbose headers   server: 'cloudflare' }
34 silly get cb [ 304,
34 silly get   { date: 'Wed, 28 Nov 2018 08:11:43 GMT',
34 silly get     connection: 'keep-alive',
34 silly get     'set-cookie': [ '__cfduid=d7fc53f73ae0f52bc9859cfd76a83da9b1543392703; expires=Thu, 28-Nov-19 08:11:43 GMT; path=/; domain=.registry.npmjs.org; HttpOnly' ],
34 silly get     'cf-cache-status': 'HIT',
34 silly get     'cache-control': 'max-age=300',
34 silly get     'cf-ray': '480b5d8e4bf17c6c-BEG',
34 silly get     etag: '"82fa3ef928071cf4493c493971e442ac"',
34 silly get     'expect-ct': 'max-age=604800, report-uri="https://report-uri.cloudflare.com/cdn-cgi/beacon/expect-ct"',
34 silly get     'last-modified': 'Tue, 09 Oct 2018 18:37:36 GMT',
34 silly get     vary: 'accept-encoding, accept',
34 silly get     'x-amz-meta-rev': '114-2217f28d167ec4c5a382e741d302aa97',
34 silly get     server: 'cloudflare' } ]
35 verbose etag https://registry.npmjs.org/iconv from cache
36 verbose get saving iconv to /Users/hara/.npm/registry.npmjs.org/iconv/.cache.json
37 verbose correctMkdir /Users/hara/.npm correctMkdir not in flight; initializing
38 silly resolveWithNewModule iconv@2.3.1 checking installable status
39 silly cache add args [ 'iconv@^2.3.1', null ]
40 verbose cache add spec iconv@^2.3.1
41 silly cache add parsed spec Result {
41 silly cache add   raw: 'iconv@^2.3.1',
41 silly cache add   scope: null,
41 silly cache add   escapedName: 'iconv',
41 silly cache add   name: 'iconv',
41 silly cache add   rawSpec: '^2.3.1',
41 silly cache add   spec: '>=2.3.1 <3.0.0',
41 silly cache add   type: 'range' }
42 silly addNamed iconv@>=2.3.1 <3.0.0
43 verbose addNamed ">=2.3.1 <3.0.0" is a valid semver range for iconv
44 silly addNameRange { name: 'iconv', range: '>=2.3.1 <3.0.0', hasData: false }
45 silly mapToRegistry name iconv
46 silly mapToRegistry using default registry
47 silly mapToRegistry registry https://registry.npmjs.org/
48 silly mapToRegistry data Result {
48 silly mapToRegistry   raw: 'iconv',
48 silly mapToRegistry   scope: null,
48 silly mapToRegistry   escapedName: 'iconv',
48 silly mapToRegistry   name: 'iconv',
48 silly mapToRegistry   rawSpec: '',
48 silly mapToRegistry   spec: 'latest',
48 silly mapToRegistry   type: 'tag' }
49 silly mapToRegistry uri https://registry.npmjs.org/iconv
50 verbose addNameRange registry:https://registry.npmjs.org/iconv not in flight; fetching
51 verbose get https://registry.npmjs.org/iconv not expired, no request
52 silly addNameRange number 2 { name: 'iconv', range: '>=2.3.1 <3.0.0', hasData: true }
53 silly addNameRange versions [ 'iconv',
53 silly addNameRange   [ '1.0.0',
53 silly addNameRange     '1.0.1',
53 silly addNameRange     '1.1.0',
53 silly addNameRange     '1.1.1',
53 silly addNameRange     '1.1.2',
53 silly addNameRange     '1.1.3',
53 silly addNameRange     '1.2.0',
53 silly addNameRange     '1.2.1',
53 silly addNameRange     '1.2.2',
53 silly addNameRange     '1.2.3',
53 silly addNameRange     '1.2.4',
53 silly addNameRange     '2.0.0',
53 silly addNameRange     '2.0.1',
53 silly addNameRange     '2.0.2',
53 silly addNameRange     '2.0.3',
53 silly addNameRange     '2.0.4',
53 silly addNameRange     '2.0.5',
53 silly addNameRange     '2.0.6',
53 silly addNameRange     '2.0.7',
53 silly addNameRange     '2.1.0',
53 silly addNameRange     '2.1.1',
53 silly addNameRange     '2.1.2',
53 silly addNameRange     '2.1.3',
53 silly addNameRange     '2.1.4',
53 silly addNameRange     '2.1.5',
53 silly addNameRange     '2.1.6',
53 silly addNameRange     '2.1.7',
53 silly addNameRange     '2.1.8',
53 silly addNameRange     '2.1.9',
53 silly addNameRange     '2.1.10',
53 silly addNameRange     '2.1.11',
53 silly addNameRange     '2.2.0',
53 silly addNameRange     '2.2.1',
53 silly addNameRange     '2.2.2',
53 silly addNameRange     '2.2.3',
53 silly addNameRange     '2.3.0',
53 silly addNameRange     '2.3.1' ] ]
54 silly addNamed iconv@2.3.1
55 verbose addNamed "2.3.1" is a plain semver version for iconv
56 silly cache afterAdd iconv@2.3.1
57 verbose afterAdd /Users/hara/.npm/iconv/2.3.1/package/package.json not in flight; writing
58 verbose correctMkdir /Users/hara/.npm correctMkdir not in flight; initializing
59 verbose afterAdd /Users/hara/.npm/iconv/2.3.1/package/package.json written
60 silly fetchNamedPackageData safer-buffer
61 silly mapToRegistry name safer-buffer
62 silly mapToRegistry using default registry
63 silly mapToRegistry registry https://registry.npmjs.org/
64 silly mapToRegistry data Result {
64 silly mapToRegistry   raw: 'safer-buffer',
64 silly mapToRegistry   scope: null,
64 silly mapToRegistry   escapedName: 'safer-buffer',
64 silly mapToRegistry   name: 'safer-buffer',
64 silly mapToRegistry   rawSpec: '',
64 silly mapToRegistry   spec: 'latest',
64 silly mapToRegistry   type: 'tag' }
65 silly mapToRegistry uri https://registry.npmjs.org/safer-buffer
66 verbose get https://registry.npmjs.org/safer-buffer not expired, no request
67 silly resolveWithNewModule safer-buffer@2.1.2 checking installable status
68 silly cache add args [ 'safer-buffer@^2.1.2', null ]
69 verbose cache add spec safer-buffer@^2.1.2
70 silly cache add parsed spec Result {
70 silly cache add   raw: 'safer-buffer@^2.1.2',
70 silly cache add   scope: null,
70 silly cache add   escapedName: 'safer-buffer',
70 silly cache add   name: 'safer-buffer',
70 silly cache add   rawSpec: '^2.1.2',
70 silly cache add   spec: '>=2.1.2 <3.0.0',
70 silly cache add   type: 'range' }
71 silly addNamed safer-buffer@>=2.1.2 <3.0.0
72 verbose addNamed ">=2.1.2 <3.0.0" is a valid semver range for safer-buffer
73 silly addNameRange { name: 'safer-buffer', range: '>=2.1.2 <3.0.0', hasData: false }
74 silly mapToRegistry name safer-buffer
75 silly mapToRegistry using default registry
76 silly mapToRegistry registry https://registry.npmjs.org/
77 silly mapToRegistry data Result {
77 silly mapToRegistry   raw: 'safer-buffer',
77 silly mapToRegistry   scope: null,
77 silly mapToRegistry   escapedName: 'safer-buffer',
77 silly mapToRegistry   name: 'safer-buffer',
77 silly mapToRegistry   rawSpec: '',
77 silly mapToRegistry   spec: 'latest',
77 silly mapToRegistry   type: 'tag' }
78 silly mapToRegistry uri https://registry.npmjs.org/safer-buffer
79 verbose addNameRange registry:https://registry.npmjs.org/safer-buffer not in flight; fetching
80 verbose get https://registry.npmjs.org/safer-buffer not expired, no request
81 silly addNameRange number 2 { name: 'safer-buffer', range: '>=2.1.2 <3.0.0', hasData: true }
82 silly addNameRange versions [ 'safer-buffer',
82 silly addNameRange   [ '2.0.0', '2.0.1', '2.0.2', '2.1.0', '2.1.1', '2.1.2' ] ]
83 silly addNamed safer-buffer@2.1.2
84 verbose addNamed "2.1.2" is a plain semver version for safer-buffer
85 silly cache afterAdd safer-buffer@2.1.2
86 verbose afterAdd /Users/hara/.npm/safer-buffer/2.1.2/package/package.json not in flight; writing
87 verbose correctMkdir /Users/hara/.npm correctMkdir not in flight; initializing
88 verbose afterAdd /Users/hara/.npm/safer-buffer/2.1.2/package/package.json written
89 silly loadAllDepsIntoIdealTree Finishing
90 silly loadIdealTree Finishing
91 silly currentTree xml-stream@0.4.5
91 silly currentTree ├── balanced-match@1.0.0
91 silly currentTree ├── bindings@1.3.1
91 silly currentTree ├── brace-expansion@1.1.11
91 silly currentTree ├── browser-stdout@1.3.1
91 silly currentTree ├── commander@2.15.1
91 silly currentTree ├── concat-map@0.0.1
91 silly currentTree ├── debug@3.1.0
91 silly currentTree ├── diff@3.5.0
91 silly currentTree ├── escape-string-regexp@1.0.5
91 silly currentTree ├── fs.realpath@1.0.0
91 silly currentTree ├── glob@7.1.2
91 silly currentTree ├── growl@1.10.5
91 silly currentTree ├── has-flag@3.0.0
91 silly currentTree ├── he@1.1.1
91 silly currentTree ├── inflight@1.0.6
91 silly currentTree ├── inherits@2.0.3
91 silly currentTree ├── minimatch@3.0.4
91 silly currentTree ├── minimist@0.0.8
91 silly currentTree ├── mkdirp@0.5.1
91 silly currentTree ├── mocha@5.2.0
91 silly currentTree ├── ms@2.0.0
91 silly currentTree ├── nan@2.11.1
91 silly currentTree ├── node-expat@2.3.17
91 silly currentTree ├── once@1.4.0
91 silly currentTree ├── path-is-absolute@1.0.1
91 silly currentTree ├── readable-stream@3.0.6
91 silly currentTree ├── safe-buffer@5.1.2
91 silly currentTree ├── string_decoder@1.2.0
91 silly currentTree ├── supports-color@5.4.0
91 silly currentTree ├── util-deprecate@1.0.2
91 silly currentTree └── wrappy@1.0.2
92 silly idealTree xml-stream@0.4.5
92 silly idealTree ├── balanced-match@1.0.0
92 silly idealTree ├── bindings@1.3.1
92 silly idealTree ├── brace-expansion@1.1.11
92 silly idealTree ├── browser-stdout@1.3.1
92 silly idealTree ├── commander@2.15.1
92 silly idealTree ├── concat-map@0.0.1
92 silly idealTree ├── debug@3.1.0
92 silly idealTree ├── diff@3.5.0
92 silly idealTree ├── escape-string-regexp@1.0.5
92 silly idealTree ├── fs.realpath@1.0.0
92 silly idealTree ├── glob@7.1.2
92 silly idealTree ├── growl@1.10.5
92 silly idealTree ├── has-flag@3.0.0
92 silly idealTree ├── he@1.1.1
92 silly idealTree ├── iconv@2.3.1
92 silly idealTree ├── inflight@1.0.6
92 silly idealTree ├── inherits@2.0.3
92 silly idealTree ├── minimatch@3.0.4
92 silly idealTree ├── minimist@0.0.8
92 silly idealTree ├── mkdirp@0.5.1
92 silly idealTree ├── mocha@5.2.0
92 silly idealTree ├── ms@2.0.0
92 silly idealTree ├── nan@2.11.1
92 silly idealTree ├── node-expat@2.3.17
92 silly idealTree ├── once@1.4.0
92 silly idealTree ├── path-is-absolute@1.0.1
92 silly idealTree ├── readable-stream@3.0.6
92 silly idealTree ├── safe-buffer@5.1.2
92 silly idealTree ├── safer-buffer@2.1.2
92 silly idealTree ├── string_decoder@1.2.0
92 silly idealTree ├── supports-color@5.4.0
92 silly idealTree ├── util-deprecate@1.0.2
92 silly idealTree └── wrappy@1.0.2
93 silly generateActionsToTake Starting
94 silly install generateActionsToTake
95 silly generateActionsToTake Finishing
96 silly diffTrees action count 2
97 silly diffTrees add safer-buffer@2.1.2
98 silly diffTrees add iconv@2.3.1
99 silly decomposeActions action count 16
100 silly decomposeActions fetch safer-buffer@2.1.2
101 silly decomposeActions extract safer-buffer@2.1.2
102 silly decomposeActions test safer-buffer@2.1.2
103 silly decomposeActions preinstall safer-buffer@2.1.2
104 silly decomposeActions build safer-buffer@2.1.2
105 silly decomposeActions install safer-buffer@2.1.2
106 silly decomposeActions postinstall safer-buffer@2.1.2
107 silly decomposeActions finalize safer-buffer@2.1.2
108 silly decomposeActions fetch iconv@2.3.1
109 silly decomposeActions extract iconv@2.3.1
110 silly decomposeActions test iconv@2.3.1
111 silly decomposeActions preinstall iconv@2.3.1
112 silly decomposeActions build iconv@2.3.1
113 silly decomposeActions install iconv@2.3.1
114 silly decomposeActions postinstall iconv@2.3.1
115 silly decomposeActions finalize iconv@2.3.1
116 silly runTopLevelLifecycles Starting
117 silly install runPreinstallTopLevelLifecycles
118 silly preinstall xml-stream@0.4.5 /Users/hara/code/xml-stream/xml-stream-6ee1442a
119 info lifecycle xml-stream@0.4.5~preinstall: xml-stream@0.4.5
120 silly lifecycle xml-stream@0.4.5~preinstall: no script for preinstall, continuing
121 silly executeActions Starting
122 silly install executeActions
123 silly doSerial global-install 0
124 silly doParallel fetch 2
125 verbose correctMkdir /Users/hara/.npm/_locks correctMkdir not in flight; initializing
126 verbose lock using /Users/hara/.npm/_locks/staging-049347c6db8d08d6.lock for /Users/hara/code/xml-stream/node_modules/.staging
127 silly doParallel extract 2
128 silly extract safer-buffer@2.1.2
129 silly extract iconv@2.3.1
130 verbose unbuild node_modules/.staging/safer-buffer-2c7b0617
131 verbose unbuild node_modules/.staging/iconv-0971a266
132 silly gentlyRm /Users/hara/code/xml-stream/node_modules/.staging/safer-buffer-2c7b0617 is being purged from base /Users/hara/code/xml-stream
133 verbose gentlyRm don't care about contents; nuking /Users/hara/code/xml-stream/node_modules/.staging/safer-buffer-2c7b0617
134 verbose tar unpack /Users/hara/.npm/safer-buffer/2.1.2/package.tgz
135 verbose tar unpacking to /Users/hara/code/xml-stream/node_modules/.staging/safer-buffer-2c7b0617
136 silly gentlyRm /Users/hara/code/xml-stream/node_modules/.staging/safer-buffer-2c7b0617 is being purged
137 verbose gentlyRm don't care about contents; nuking /Users/hara/code/xml-stream/node_modules/.staging/safer-buffer-2c7b0617
138 silly gentlyRm /Users/hara/code/xml-stream/node_modules/.staging/iconv-0971a266 is being purged from base /Users/hara/code/xml-stream
139 verbose gentlyRm don't care about contents; nuking /Users/hara/code/xml-stream/node_modules/.staging/iconv-0971a266
140 silly gunzTarPerm modes [ '755', '644' ]
141 verbose tar unpack /Users/hara/.npm/iconv/2.3.1/package.tgz
142 verbose tar unpacking to /Users/hara/code/xml-stream/node_modules/.staging/iconv-0971a266
143 silly gentlyRm /Users/hara/code/xml-stream/node_modules/.staging/iconv-0971a266 is being purged
144 verbose gentlyRm don't care about contents; nuking /Users/hara/code/xml-stream/node_modules/.staging/iconv-0971a266
145 silly gunzTarPerm modes [ '755', '644' ]
146 silly gunzTarPerm extractEntry package.json
147 silly gunzTarPerm extractEntry package.json
148 silly gunzTarPerm extractEntry dangerous.js
149 silly gunzTarPerm extractEntry LICENSE
150 silly gunzTarPerm extractEntry binding.gyp
151 silly gunzTarPerm modified mode [ 'binding.gyp', 436, 420 ]
152 silly gunzTarPerm extractEntry LICENSE
153 silly gunzTarPerm modified mode [ 'LICENSE', 436, 420 ]
154 silly gunzTarPerm extractEntry Porting-Buffer.md
155 silly gunzTarPerm extractEntry Readme.md
156 silly gunzTarPerm extractEntry safer.js
157 silly gunzTarPerm extractEntry tests.js
158 silly gunzTarPerm extractEntry README.md
159 silly gunzTarPerm extractEntry deps/libiconv/lib/aliases_aix_sysaix.h
160 silly gunzTarPerm modified mode [ 'deps/libiconv/lib/aliases_aix_sysaix.h', 436, 420 ]
161 silly gunzTarPerm extractEntry deps/libiconv/lib/aliases_aix.h
162 silly gunzTarPerm modified mode [ 'deps/libiconv/lib/aliases_aix.h', 436, 420 ]
163 silly gunzTarPerm extractEntry deps/libiconv/lib/aliases_dos.h
164 silly gunzTarPerm modified mode [ 'deps/libiconv/lib/aliases_dos.h', 436, 420 ]
165 silly gunzTarPerm extractEntry deps/libiconv/lib/aliases_extra.h
166 silly gunzTarPerm modified mode [ 'deps/libiconv/lib/aliases_extra.h', 436, 420 ]
167 silly gunzTarPerm extractEntry deps/libiconv/lib/aliases_osf1_sysosf1.h
168 silly gunzTarPerm modified mode [ 'deps/libiconv/lib/aliases_osf1_sysosf1.h', 436, 420 ]
169 silly gunzTarPerm extractEntry deps/libiconv/lib/aliases_osf1.h
170 silly gunzTarPerm modified mode [ 'deps/libiconv/lib/aliases_osf1.h', 436, 420 ]
171 silly gunzTarPerm extractEntry deps/libiconv/lib/aliases_sysaix.h
172 silly gunzTarPerm modified mode [ 'deps/libiconv/lib/aliases_sysaix.h', 436, 420 ]
173 silly gunzTarPerm extractEntry deps/libiconv/lib/aliases_syshpux.h
174 silly gunzTarPerm modified mode [ 'deps/libiconv/lib/aliases_syshpux.h', 436, 420 ]
175 silly gunzTarPerm extractEntry deps/libiconv/lib/aliases_sysosf1.h
176 silly gunzTarPerm modified mode [ 'deps/libiconv/lib/aliases_sysosf1.h', 436, 420 ]
177 silly gunzTarPerm extractEntry deps/libiconv/lib/aliases_syssolaris.h
178 silly gunzTarPerm modified mode [ 'deps/libiconv/lib/aliases_syssolaris.h', 436, 420 ]
179 silly gunzTarPerm extractEntry deps/libiconv/lib/aliases.h
180 silly gunzTarPerm modified mode [ 'deps/libiconv/lib/aliases.h', 436, 420 ]
181 silly gunzTarPerm extractEntry deps/libiconv/lib/aliases2.h
182 silly gunzTarPerm modified mode [ 'deps/libiconv/lib/aliases2.h', 436, 420 ]
183 silly gentlyRm /Users/hara/code/xml-stream/node_modules/.staging/safer-buffer-2c7b0617/node_modules is being purged
184 verbose gentlyRm don't care about contents; nuking /Users/hara/code/xml-stream/node_modules/.staging/safer-buffer-2c7b0617/node_modules
185 silly gunzTarPerm extractEntry deps/libiconv/lib/armscii_8.h
186 silly gunzTarPerm modified mode [ 'deps/libiconv/lib/armscii_8.h', 436, 420 ]
187 silly gunzTarPerm extractEntry deps/libiconv/lib/ascii.h
188 silly gunzTarPerm modified mode [ 'deps/libiconv/lib/ascii.h', 436, 420 ]
189 silly gunzTarPerm extractEntry deps/libiconv/lib/atarist.h
190 silly gunzTarPerm modified mode [ 'deps/libiconv/lib/atarist.h', 436, 420 ]
191 silly gunzTarPerm extractEntry deps/libiconv/lib/big5_2003.h
192 silly gunzTarPerm modified mode [ 'deps/libiconv/lib/big5_2003.h', 436, 420 ]
193 silly gunzTarPerm extractEntry deps/libiconv/lib/big5.h
194 silly gunzTarPerm modified mode [ 'deps/libiconv/lib/big5.h', 436, 420 ]
195 silly gunzTarPerm extractEntry deps/libiconv/lib/big5hkscs1999.h
196 silly gunzTarPerm modified mode [ 'deps/libiconv/lib/big5hkscs1999.h', 436, 420 ]
197 silly gunzTarPerm extractEntry deps/libiconv/lib/big5hkscs2001.h
198 silly gunzTarPerm modified mode [ 'deps/libiconv/lib/big5hkscs2001.h', 436, 420 ]
199 silly gunzTarPerm extractEntry deps/libiconv/lib/big5hkscs2004.h
200 silly gunzTarPerm modified mode [ 'deps/libiconv/lib/big5hkscs2004.h', 436, 420 ]
201 silly gunzTarPerm extractEntry deps/libiconv/lib/big5hkscs2008.h
202 silly gunzTarPerm modified mode [ 'deps/libiconv/lib/big5hkscs2008.h', 436, 420 ]
203 silly gunzTarPerm extractEntry deps/libiconv/lib/c99.h
204 silly gunzTarPerm modified mode [ 'deps/libiconv/lib/c99.h', 436, 420 ]
205 silly gunzTarPerm extractEntry deps/libiconv/lib/canonical_aix_sysaix.h
206 silly gunzTarPerm modified mode [ 'deps/libiconv/lib/canonical_aix_sysaix.h', 436, 420 ]
207 silly gunzTarPerm extractEntry deps/libiconv/lib/canonical_aix.h
208 silly gunzTarPerm modified mode [ 'deps/libiconv/lib/canonical_aix.h', 436, 420 ]
209 silly gunzTarPerm extractEntry deps/libiconv/lib/canonical_dos.h
210 silly gunzTarPerm modified mode [ 'deps/libiconv/lib/canonical_dos.h', 436, 420 ]
211 silly gunzTarPerm extractEntry deps/libiconv/lib/canonical_extra.h
212 silly gunzTarPerm modified mode [ 'deps/libiconv/lib/canonical_extra.h', 436, 420 ]
213 silly gunzTarPerm extractEntry deps/libiconv/lib/canonical_local_sysaix.h
214 silly gunzTarPerm modified mode [ 'deps/libiconv/lib/canonical_local_sysaix.h', 436, 420 ]
215 silly gunzTarPerm extractEntry deps/libiconv/lib/canonical_local_syshpux.h
216 silly gunzTarPerm modified mode [ 'deps/libiconv/lib/canonical_local_syshpux.h', 436, 420 ]
217 silly gunzTarPerm extractEntry deps/libiconv/lib/canonical_local_sysosf1.h
218 silly gunzTarPerm modified mode [ 'deps/libiconv/lib/canonical_local_sysosf1.h', 436, 420 ]
219 silly gunzTarPerm extractEntry deps/libiconv/lib/canonical_local_syssolaris.h
220 silly gunzTarPerm modified mode [ 'deps/libiconv/lib/canonical_local_syssolaris.h', 436, 420 ]
221 silly gunzTarPerm extractEntry deps/libiconv/lib/canonical_local.h
222 silly gunzTarPerm modified mode [ 'deps/libiconv/lib/canonical_local.h', 436, 420 ]
223 silly gunzTarPerm extractEntry deps/libiconv/lib/canonical_osf1_sysosf1.h
224 silly gunzTarPerm modified mode [ 'deps/libiconv/lib/canonical_osf1_sysosf1.h', 436, 420 ]
225 silly gunzTarPerm extractEntry deps/libiconv/lib/canonical_osf1.h
226 silly gunzTarPerm modified mode [ 'deps/libiconv/lib/canonical_osf1.h', 436, 420 ]
227 silly gunzTarPerm extractEntry deps/libiconv/lib/canonical_sysaix.h
228 silly gunzTarPerm modified mode [ 'deps/libiconv/lib/canonical_sysaix.h', 436, 420 ]
229 silly gunzTarPerm extractEntry deps/libiconv/lib/canonical_syshpux.h
230 silly gunzTarPerm modified mode [ 'deps/libiconv/lib/canonical_syshpux.h', 436, 420 ]
231 silly gunzTarPerm extractEntry deps/libiconv/lib/canonical_sysosf1.h
232 silly gunzTarPerm modified mode [ 'deps/libiconv/lib/canonical_sysosf1.h', 436, 420 ]
233 silly gunzTarPerm extractEntry deps/libiconv/lib/canonical_syssolaris.h
234 silly gunzTarPerm modified mode [ 'deps/libiconv/lib/canonical_syssolaris.h', 436, 420 ]
235 silly gunzTarPerm extractEntry deps/libiconv/lib/canonical.h
236 silly gunzTarPerm modified mode [ 'deps/libiconv/lib/canonical.h', 436, 420 ]
237 silly gunzTarPerm extractEntry deps/libiconv/lib/ces_big5.h
238 silly gunzTarPerm modified mode [ 'deps/libiconv/lib/ces_big5.h', 436, 420 ]
239 silly gunzTarPerm extractEntry deps/libiconv/lib/ces_gbk.h
240 silly gunzTarPerm modified mode [ 'deps/libiconv/lib/ces_gbk.h', 436, 420 ]
241 silly gunzTarPerm extractEntry deps/libiconv/lib/cjk_variants.h
242 silly gunzTarPerm modified mode [ 'deps/libiconv/lib/cjk_variants.h', 436, 420 ]
243 silly gunzTarPerm extractEntry deps/libiconv/lib/cns11643_1.h
244 silly gunzTarPerm modified mode [ 'deps/libiconv/lib/cns11643_1.h', 436, 420 ]
245 silly gunzTarPerm extractEntry deps/libiconv/lib/cns11643_15.h
246 silly gunzTarPerm modified mode [ 'deps/libiconv/lib/cns11643_15.h', 436, 420 ]
247 silly gunzTarPerm extractEntry deps/libiconv/lib/cns11643_2.h
248 silly gunzTarPerm modified mode [ 'deps/libiconv/lib/cns11643_2.h', 436, 420 ]
249 silly gunzTarPerm extractEntry deps/libiconv/lib/cns11643_3.h
250 silly gunzTarPerm modified mode [ 'deps/libiconv/lib/cns11643_3.h', 436, 420 ]
251 silly gunzTarPerm extractEntry deps/libiconv/lib/cns11643_4.h
252 silly gunzTarPerm modified mode [ 'deps/libiconv/lib/cns11643_4.h', 436, 420 ]
253 silly gunzTarPerm extractEntry deps/libiconv/lib/cns11643_4a.h
254 silly gunzTarPerm modified mode [ 'deps/libiconv/lib/cns11643_4a.h', 436, 420 ]
255 silly gunzTarPerm extractEntry deps/libiconv/lib/cns11643_4b.h
256 silly gunzTarPerm modified mode [ 'deps/libiconv/lib/cns11643_4b.h', 436, 420 ]
257 silly gunzTarPerm extractEntry deps/libiconv/lib/cns11643_5.h
258 silly gunzTarPerm modified mode [ 'deps/libiconv/lib/cns11643_5.h', 436, 420 ]
259 silly gunzTarPerm extractEntry deps/libiconv/lib/cns11643_6.h
260 silly gunzTarPerm modified mode [ 'deps/libiconv/lib/cns11643_6.h', 436, 420 ]
261 silly gunzTarPerm extractEntry deps/libiconv/lib/cns11643_7.h
262 silly gunzTarPerm modified mode [ 'deps/libiconv/lib/cns11643_7.h', 436, 420 ]
263 silly gunzTarPerm extractEntry deps/libiconv/lib/cns11643_inv.h
264 silly gunzTarPerm modified mode [ 'deps/libiconv/lib/cns11643_inv.h', 436, 420 ]
265 silly gunzTarPerm extractEntry deps/libiconv/lib/cns11643.h
266 silly gunzTarPerm modified mode [ 'deps/libiconv/lib/cns11643.h', 436, 420 ]
267 silly gunzTarPerm extractEntry deps/libiconv/lib/converters.h
268 silly gunzTarPerm modified mode [ 'deps/libiconv/lib/converters.h', 436, 420 ]
269 silly gunzTarPerm extractEntry deps/libiconv/lib/cp1046.h
270 silly gunzTarPerm modified mode [ 'deps/libiconv/lib/cp1046.h', 436, 420 ]
271 silly gunzTarPerm extractEntry deps/libiconv/lib/cp1124.h
272 silly gunzTarPerm modified mode [ 'deps/libiconv/lib/cp1124.h', 436, 420 ]
273 silly gunzTarPerm extractEntry deps/libiconv/lib/cp1125.h
274 silly gunzTarPerm modified mode [ 'deps/libiconv/lib/cp1125.h', 436, 420 ]
275 silly gunzTarPerm extractEntry deps/libiconv/lib/cp1129.h
276 silly gunzTarPerm modified mode [ 'deps/libiconv/lib/cp1129.h', 436, 420 ]
277 silly gunzTarPerm extractEntry deps/libiconv/lib/cp1131.h
278 silly gunzTarPerm modified mode [ 'deps/libiconv/lib/cp1131.h', 436, 420 ]
279 silly gunzTarPerm extractEntry deps/libiconv/lib/cp1133.h
280 silly gunzTarPerm modified mode [ 'deps/libiconv/lib/cp1133.h', 436, 420 ]
281 silly gunzTarPerm extractEntry deps/libiconv/lib/cp1161.h
282 silly gunzTarPerm modified mode [ 'deps/libiconv/lib/cp1161.h', 436, 420 ]
283 silly gunzTarPerm extractEntry deps/libiconv/lib/cp1162.h
284 silly gunzTarPerm modified mode [ 'deps/libiconv/lib/cp1162.h', 436, 420 ]
285 silly gunzTarPerm extractEntry deps/libiconv/lib/cp1163.h
286 silly gunzTarPerm modified mode [ 'deps/libiconv/lib/cp1163.h', 436, 420 ]
287 silly gunzTarPerm extractEntry deps/libiconv/lib/cp1250.h
288 silly gunzTarPerm modified mode [ 'deps/libiconv/lib/cp1250.h', 436, 420 ]
289 silly gunzTarPerm extractEntry deps/libiconv/lib/cp1251.h
290 silly gunzTarPerm modified mode [ 'deps/libiconv/lib/cp1251.h', 436, 420 ]
291 silly gunzTarPerm extractEntry deps/libiconv/lib/cp1252.h
292 silly gunzTarPerm modified mode [ 'deps/libiconv/lib/cp1252.h', 436, 420 ]
293 silly gunzTarPerm extractEntry deps/libiconv/lib/cp1253.h
294 silly gunzTarPerm modified mode [ 'deps/libiconv/lib/cp1253.h', 436, 420 ]
295 silly gunzTarPerm extractEntry deps/libiconv/lib/cp1254.h
296 silly gunzTarPerm modified mode [ 'deps/libiconv/lib/cp1254.h', 436, 420 ]
297 silly gunzTarPerm extractEntry deps/libiconv/lib/cp1255.h
298 silly gunzTarPerm modified mode [ 'deps/libiconv/lib/cp1255.h', 436, 420 ]
299 silly gunzTarPerm extractEntry deps/libiconv/lib/cp1256.h
300 silly gunzTarPerm modified mode [ 'deps/libiconv/lib/cp1256.h', 436, 420 ]
301 silly gunzTarPerm extractEntry deps/libiconv/lib/cp1257.h
302 silly gunzTarPerm modified mode [ 'deps/libiconv/lib/cp1257.h', 436, 420 ]
303 silly gunzTarPerm extractEntry deps/libiconv/lib/cp1258.h
304 silly gunzTarPerm modified mode [ 'deps/libiconv/lib/cp1258.h', 436, 420 ]
305 silly gunzTarPerm extractEntry deps/libiconv/lib/cp437.h
306 silly gunzTarPerm modified mode [ 'deps/libiconv/lib/cp437.h', 436, 420 ]
307 silly gunzTarPerm extractEntry deps/libiconv/lib/cp50221_0208_ext.h
308 silly gunzTarPerm modified mode [ 'deps/libiconv/lib/cp50221_0208_ext.h', 436, 420 ]
309 silly gunzTarPerm extractEntry deps/libiconv/lib/cp50221_0212_ext.h
310 silly gunzTarPerm modified mode [ 'deps/libiconv/lib/cp50221_0212_ext.h', 436, 420 ]
311 silly gunzTarPerm extractEntry deps/libiconv/lib/cp737.h
312 silly gunzTarPerm modified mode [ 'deps/libiconv/lib/cp737.h', 436, 420 ]
313 silly gunzTarPerm extractEntry deps/libiconv/lib/cp775.h
314 silly gunzTarPerm modified mode [ 'deps/libiconv/lib/cp775.h', 436, 420 ]
315 silly gunzTarPerm extractEntry deps/libiconv/lib/cp850.h
316 silly gunzTarPerm modified mode [ 'deps/libiconv/lib/cp850.h', 436, 420 ]
317 silly gunzTarPerm extractEntry deps/libiconv/lib/cp852.h
318 silly gunzTarPerm modified mode [ 'deps/libiconv/lib/cp852.h', 436, 420 ]
319 silly gunzTarPerm extractEntry deps/libiconv/lib/cp853.h
320 silly gunzTarPerm modified mode [ 'deps/libiconv/lib/cp853.h', 436, 420 ]
321 silly gunzTarPerm extractEntry deps/libiconv/lib/cp855.h
322 silly gunzTarPerm modified mode [ 'deps/libiconv/lib/cp855.h', 436, 420 ]
323 silly gunzTarPerm extractEntry deps/libiconv/lib/cp856.h
324 silly gunzTarPerm modified mode [ 'deps/libiconv/lib/cp856.h', 436, 420 ]
325 silly gunzTarPerm extractEntry deps/libiconv/lib/cp857.h
326 silly gunzTarPerm modified mode [ 'deps/libiconv/lib/cp857.h', 436, 420 ]
327 silly gunzTarPerm extractEntry deps/libiconv/lib/cp858.h
328 silly gunzTarPerm modified mode [ 'deps/libiconv/lib/cp858.h', 436, 420 ]
329 silly gunzTarPerm extractEntry deps/libiconv/lib/cp860.h
330 silly gunzTarPerm modified mode [ 'deps/libiconv/lib/cp860.h', 436, 420 ]
331 silly gunzTarPerm extractEntry deps/libiconv/lib/cp861.h
332 silly gunzTarPerm modified mode [ 'deps/libiconv/lib/cp861.h', 436, 420 ]
333 silly gunzTarPerm extractEntry deps/libiconv/lib/cp862.h
334 silly gunzTarPerm modified mode [ 'deps/libiconv/lib/cp862.h', 436, 420 ]
335 silly gunzTarPerm extractEntry deps/libiconv/lib/cp863.h
336 silly gunzTarPerm modified mode [ 'deps/libiconv/lib/cp863.h', 436, 420 ]
337 silly gunzTarPerm extractEntry deps/libiconv/lib/cp864.h
338 silly gunzTarPerm modified mode [ 'deps/libiconv/lib/cp864.h', 436, 420 ]
339 silly gunzTarPerm extractEntry deps/libiconv/lib/cp865.h
340 silly gunzTarPerm modified mode [ 'deps/libiconv/lib/cp865.h', 436, 420 ]
341 silly gunzTarPerm extractEntry deps/libiconv/lib/cp866.h
342 silly gunzTarPerm modified mode [ 'deps/libiconv/lib/cp866.h', 436, 420 ]
343 silly gunzTarPerm extractEntry deps/libiconv/lib/cp869.h
344 silly gunzTarPerm modified mode [ 'deps/libiconv/lib/cp869.h', 436, 420 ]
345 silly gunzTarPerm extractEntry deps/libiconv/lib/cp874.h
346 silly gunzTarPerm modified mode [ 'deps/libiconv/lib/cp874.h', 436, 420 ]
347 silly gunzTarPerm extractEntry deps/libiconv/lib/cp922.h
348 silly gunzTarPerm modified mode [ 'deps/libiconv/lib/cp922.h', 436, 420 ]
349 silly gunzTarPerm extractEntry deps/libiconv/lib/cp932.h
350 silly gunzTarPerm modified mode [ 'deps/libiconv/lib/cp932.h', 436, 420 ]
351 silly gunzTarPerm extractEntry deps/libiconv/lib/cp932ext.h
352 silly gunzTarPerm modified mode [ 'deps/libiconv/lib/cp932ext.h', 436, 420 ]
353 silly gunzTarPerm extractEntry deps/libiconv/lib/cp936.h
354 silly gunzTarPerm modified mode [ 'deps/libiconv/lib/cp936.h', 436, 420 ]
355 silly gunzTarPerm extractEntry deps/libiconv/lib/cp936ext.h
356 silly gunzTarPerm modified mode [ 'deps/libiconv/lib/cp936ext.h', 436, 420 ]
357 silly gunzTarPerm extractEntry deps/libiconv/lib/cp943.h
358 silly gunzTarPerm modified mode [ 'deps/libiconv/lib/cp943.h', 436, 420 ]
359 silly gunzTarPerm extractEntry deps/libiconv/lib/cp949.h
360 silly gunzTarPerm modified mode [ 'deps/libiconv/lib/cp949.h', 436, 420 ]
361 silly gunzTarPerm extractEntry deps/libiconv/lib/cp950.h
362 silly gunzTarPerm modified mode [ 'deps/libiconv/lib/cp950.h', 436, 420 ]
363 silly gunzTarPerm extractEntry deps/libiconv/lib/cp950ext.h
364 silly gunzTarPerm modified mode [ 'deps/libiconv/lib/cp950ext.h', 436, 420 ]
365 silly gunzTarPerm extractEntry deps/libiconv/lib/dec_hanyu.h
366 silly gunzTarPerm modified mode [ 'deps/libiconv/lib/dec_hanyu.h', 436, 420 ]
367 silly gunzTarPerm extractEntry deps/libiconv/lib/dec_kanji.h
368 silly gunzTarPerm modified mode [ 'deps/libiconv/lib/dec_kanji.h', 436, 420 ]
369 silly gunzTarPerm extractEntry deps/libiconv/lib/encodings_aix.def
370 silly gunzTarPerm modified mode [ 'deps/libiconv/lib/encodings_aix.def', 436, 420 ]
371 silly gunzTarPerm extractEntry deps/libiconv/lib/encodings_dos.def
372 silly gunzTarPerm modified mode [ 'deps/libiconv/lib/encodings_dos.def', 436, 420 ]
373 silly gunzTarPerm extractEntry deps/libiconv/lib/encodings_extra.def
374 silly gunzTarPerm modified mode [ 'deps/libiconv/lib/encodings_extra.def', 436, 420 ]
375 silly gunzTarPerm extractEntry deps/libiconv/lib/encodings_local.def
376 silly gunzTarPerm modified mode [ 'deps/libiconv/lib/encodings_local.def', 436, 420 ]
377 silly gunzTarPerm extractEntry deps/libiconv/lib/encodings_osf1.def
378 silly gunzTarPerm modified mode [ 'deps/libiconv/lib/encodings_osf1.def', 436, 420 ]
379 silly gunzTarPerm extractEntry deps/libiconv/lib/encodings.def
380 silly gunzTarPerm modified mode [ 'deps/libiconv/lib/encodings.def', 436, 420 ]
381 silly gunzTarPerm extractEntry deps/libiconv/lib/euc_cn.h
382 silly gunzTarPerm modified mode [ 'deps/libiconv/lib/euc_cn.h', 436, 420 ]
383 silly gunzTarPerm extractEntry deps/libiconv/lib/euc_jisx0213.h
384 silly gunzTarPerm modified mode [ 'deps/libiconv/lib/euc_jisx0213.h', 436, 420 ]
385 silly gunzTarPerm extractEntry deps/libiconv/lib/euc_jp.h
386 silly gunzTarPerm modified mode [ 'deps/libiconv/lib/euc_jp.h', 436, 420 ]
387 silly gunzTarPerm extractEntry deps/libiconv/lib/euc_kr.h
388 silly gunzTarPerm modified mode [ 'deps/libiconv/lib/euc_kr.h', 436, 420 ]
389 silly gunzTarPerm extractEntry deps/libiconv/lib/euc_tw.h
390 silly gunzTarPerm modified mode [ 'deps/libiconv/lib/euc_tw.h', 436, 420 ]
391 silly gunzTarPerm extractEntry deps/libiconv/lib/flags.h
392 silly gunzTarPerm modified mode [ 'deps/libiconv/lib/flags.h', 436, 420 ]
393 silly gunzTarPerm extractEntry deps/libiconv/lib/flushwc.h
394 silly gunzTarPerm modified mode [ 'deps/libiconv/lib/flushwc.h', 436, 420 ]
395 silly gunzTarPerm extractEntry deps/libiconv/lib/gb12345.h
396 silly gunzTarPerm modified mode [ 'deps/libiconv/lib/gb12345.h', 436, 420 ]
397 silly gunzTarPerm extractEntry deps/libiconv/lib/gb12345ext.h
398 silly gunzTarPerm modified mode [ 'deps/libiconv/lib/gb12345ext.h', 436, 420 ]
399 silly gunzTarPerm extractEntry deps/libiconv/lib/gb18030.h
400 silly gunzTarPerm modified mode [ 'deps/libiconv/lib/gb18030.h', 436, 420 ]
401 silly gunzTarPerm extractEntry deps/libiconv/lib/gb18030ext.h
402 silly gunzTarPerm modified mode [ 'deps/libiconv/lib/gb18030ext.h', 436, 420 ]
403 silly gunzTarPerm extractEntry deps/libiconv/lib/gb18030uni.h
404 silly gunzTarPerm modified mode [ 'deps/libiconv/lib/gb18030uni.h', 436, 420 ]
405 silly gunzTarPerm extractEntry deps/libiconv/lib/gb2312.h
406 silly gunzTarPerm modified mode [ 'deps/libiconv/lib/gb2312.h', 436, 420 ]
407 silly gunzTarPerm extractEntry deps/libiconv/lib/gbk.h
408 silly gunzTarPerm modified mode [ 'deps/libiconv/lib/gbk.h', 436, 420 ]
409 silly gunzTarPerm extractEntry deps/libiconv/lib/gbkext_inv.h
410 silly gunzTarPerm modified mode [ 'deps/libiconv/lib/gbkext_inv.h', 436, 420 ]
411 silly gunzTarPerm extractEntry deps/libiconv/lib/gbkext1.h
412 silly gunzTarPerm modified mode [ 'deps/libiconv/lib/gbkext1.h', 436, 420 ]
413 silly gunzTarPerm extractEntry deps/libiconv/lib/gbkext2.h
414 silly gunzTarPerm modified mode [ 'deps/libiconv/lib/gbkext2.h', 436, 420 ]
415 silly gunzTarPerm extractEntry deps/libiconv/lib/georgian_academy.h
416 silly gunzTarPerm modified mode [ 'deps/libiconv/lib/georgian_academy.h', 436, 420 ]
417 silly gunzTarPerm extractEntry deps/libiconv/lib/georgian_ps.h
418 silly gunzTarPerm modified mode [ 'deps/libiconv/lib/georgian_ps.h', 436, 420 ]
419 silly gunzTarPerm extractEntry deps/libiconv/lib/hkscs1999.h
420 silly gunzTarPerm modified mode [ 'deps/libiconv/lib/hkscs1999.h', 436, 420 ]
421 silly gunzTarPerm extractEntry deps/libiconv/lib/hkscs2001.h
422 silly gunzTarPerm modified mode [ 'deps/libiconv/lib/hkscs2001.h', 436, 420 ]
423 silly gunzTarPerm extractEntry deps/libiconv/lib/hkscs2004.h
424 silly gunzTarPerm modified mode [ 'deps/libiconv/lib/hkscs2004.h', 436, 420 ]
425 silly gunzTarPerm extractEntry deps/libiconv/lib/hkscs2008.h
426 silly gunzTarPerm modified mode [ 'deps/libiconv/lib/hkscs2008.h', 436, 420 ]
427 silly gunzTarPerm extractEntry deps/libiconv/lib/hp_roman8.h
428 silly gunzTarPerm modified mode [ 'deps/libiconv/lib/hp_roman8.h', 436, 420 ]
429 silly gunzTarPerm extractEntry deps/libiconv/lib/hz.h
430 silly gunzTarPerm modified mode [ 'deps/libiconv/lib/hz.h', 436, 420 ]
431 silly gunzTarPerm extractEntry deps/libiconv/lib/iconv_open1.h
432 silly gunzTarPerm modified mode [ 'deps/libiconv/lib/iconv_open1.h', 436, 420 ]
433 silly gunzTarPerm extractEntry deps/libiconv/lib/iconv_open2.h
434 silly gunzTarPerm modified mode [ 'deps/libiconv/lib/iconv_open2.h', 436, 420 ]
435 silly gunzTarPerm extractEntry deps/libiconv/lib/iconv.c
436 silly gunzTarPerm modified mode [ 'deps/libiconv/lib/iconv.c', 436, 420 ]
437 silly gunzTarPerm extractEntry deps/libiconv/lib/iso2022_cn.h
438 silly gunzTarPerm modified mode [ 'deps/libiconv/lib/iso2022_cn.h', 436, 420 ]
439 silly gunzTarPerm extractEntry deps/libiconv/lib/iso2022_cnext.h
440 silly gunzTarPerm modified mode [ 'deps/libiconv/lib/iso2022_cnext.h', 436, 420 ]
441 silly gunzTarPerm extractEntry deps/libiconv/lib/iso2022_jp.h
442 silly gunzTarPerm modified mode [ 'deps/libiconv/lib/iso2022_jp.h', 436, 420 ]
443 silly gunzTarPerm extractEntry deps/libiconv/lib/iso2022_jp1.h
444 silly gunzTarPerm modified mode [ 'deps/libiconv/lib/iso2022_jp1.h', 436, 420 ]
445 silly gunzTarPerm extractEntry deps/libiconv/lib/iso2022_jp2.h
446 silly gunzTarPerm modified mode [ 'deps/libiconv/lib/iso2022_jp2.h', 436, 420 ]
447 silly gunzTarPerm extractEntry deps/libiconv/lib/iso2022_jp3.h
448 silly gunzTarPerm modified mode [ 'deps/libiconv/lib/iso2022_jp3.h', 436, 420 ]
449 silly gunzTarPerm extractEntry deps/libiconv/lib/iso2022_jpms.h
450 silly gunzTarPerm modified mode [ 'deps/libiconv/lib/iso2022_jpms.h', 436, 420 ]
451 silly gunzTarPerm extractEntry deps/libiconv/lib/iso2022_kr.h
452 silly gunzTarPerm modified mode [ 'deps/libiconv/lib/iso2022_kr.h', 436, 420 ]
453 silly gunzTarPerm extractEntry deps/libiconv/lib/iso646_cn.h
454 silly gunzTarPerm modified mode [ 'deps/libiconv/lib/iso646_cn.h', 436, 420 ]
455 silly gunzTarPerm extractEntry deps/libiconv/lib/iso646_jp.h
456 silly gunzTarPerm modified mode [ 'deps/libiconv/lib/iso646_jp.h', 436, 420 ]
457 silly gunzTarPerm extractEntry deps/libiconv/lib/iso8859_1.h
458 silly gunzTarPerm modified mode [ 'deps/libiconv/lib/iso8859_1.h', 436, 420 ]
459 silly gunzTarPerm extractEntry deps/libiconv/lib/iso8859_10.h
460 silly gunzTarPerm modified mode [ 'deps/libiconv/lib/iso8859_10.h', 436, 420 ]
461 silly gunzTarPerm extractEntry deps/libiconv/lib/iso8859_11.h
462 silly gunzTarPerm modified mode [ 'deps/libiconv/lib/iso8859_11.h', 436, 420 ]
463 silly gunzTarPerm extractEntry deps/libiconv/lib/iso8859_13.h
464 silly gunzTarPerm modified mode [ 'deps/libiconv/lib/iso8859_13.h', 436, 420 ]
465 silly gunzTarPerm extractEntry deps/libiconv/lib/iso8859_14.h
466 silly gunzTarPerm modified mode [ 'deps/libiconv/lib/iso8859_14.h', 436, 420 ]
467 silly gunzTarPerm extractEntry deps/libiconv/lib/iso8859_15.h
468 silly gunzTarPerm modified mode [ 'deps/libiconv/lib/iso8859_15.h', 436, 420 ]
469 silly gunzTarPerm extractEntry deps/libiconv/lib/iso8859_16.h
470 silly gunzTarPerm modified mode [ 'deps/libiconv/lib/iso8859_16.h', 436, 420 ]
471 silly gunzTarPerm extractEntry deps/libiconv/lib/iso8859_2.h
472 silly gunzTarPerm modified mode [ 'deps/libiconv/lib/iso8859_2.h', 436, 420 ]
473 silly gunzTarPerm extractEntry deps/libiconv/lib/iso8859_3.h
474 silly gunzTarPerm modified mode [ 'deps/libiconv/lib/iso8859_3.h', 436, 420 ]
475 silly gunzTarPerm extractEntry deps/libiconv/lib/iso8859_4.h
476 silly gunzTarPerm modified mode [ 'deps/libiconv/lib/iso8859_4.h', 436, 420 ]
477 silly gunzTarPerm extractEntry deps/libiconv/lib/iso8859_5.h
478 silly gunzTarPerm modified mode [ 'deps/libiconv/lib/iso8859_5.h', 436, 420 ]
479 silly gunzTarPerm extractEntry deps/libiconv/lib/iso8859_6.h
480 silly gunzTarPerm modified mode [ 'deps/libiconv/lib/iso8859_6.h', 436, 420 ]
481 silly gunzTarPerm extractEntry deps/libiconv/lib/iso8859_7.h
482 silly gunzTarPerm modified mode [ 'deps/libiconv/lib/iso8859_7.h', 436, 420 ]
483 silly gunzTarPerm extractEntry deps/libiconv/lib/iso8859_8.h
484 silly gunzTarPerm modified mode [ 'deps/libiconv/lib/iso8859_8.h', 436, 420 ]
485 silly gunzTarPerm extractEntry deps/libiconv/lib/iso8859_9.h
486 silly gunzTarPerm modified mode [ 'deps/libiconv/lib/iso8859_9.h', 436, 420 ]
487 silly gunzTarPerm extractEntry deps/libiconv/lib/isoir165.h
488 silly gunzTarPerm modified mode [ 'deps/libiconv/lib/isoir165.h', 436, 420 ]
489 silly gunzTarPerm extractEntry deps/libiconv/lib/isoir165ext.h
490 silly gunzTarPerm modified mode [ 'deps/libiconv/lib/isoir165ext.h', 436, 420 ]
491 silly gunzTarPerm extractEntry deps/libiconv/lib/java.h
492 silly gunzTarPerm modified mode [ 'deps/libiconv/lib/java.h', 436, 420 ]
493 silly gunzTarPerm extractEntry deps/libiconv/lib/jisx0201.h
494 silly gunzTarPerm modified mode [ 'deps/libiconv/lib/jisx0201.h', 436, 420 ]
495 silly gunzTarPerm extractEntry deps/libiconv/lib/jisx0208.h
496 silly gunzTarPerm modified mode [ 'deps/libiconv/lib/jisx0208.h', 436, 420 ]
497 silly gunzTarPerm extractEntry deps/libiconv/lib/jisx0212.h
498 silly gunzTarPerm modified mode [ 'deps/libiconv/lib/jisx0212.h', 436, 420 ]
499 silly gunzTarPerm extractEntry deps/libiconv/lib/jisx0213.h
500 silly gunzTarPerm modified mode [ 'deps/libiconv/lib/jisx0213.h', 436, 420 ]
501 silly gunzTarPerm extractEntry deps/libiconv/lib/johab_hangul.h
502 silly gunzTarPerm modified mode [ 'deps/libiconv/lib/johab_hangul.h', 436, 420 ]
503 silly gunzTarPerm extractEntry deps/libiconv/lib/johab.h
504 silly gunzTarPerm modified mode [ 'deps/libiconv/lib/johab.h', 436, 420 ]
505 silly gunzTarPerm extractEntry deps/libiconv/lib/koi8_r.h
506 silly gunzTarPerm modified mode [ 'deps/libiconv/lib/koi8_r.h', 436, 420 ]
507 silly gunzTarPerm extractEntry deps/libiconv/lib/koi8_ru.h
508 silly gunzTarPerm modified mode [ 'deps/libiconv/lib/koi8_ru.h', 436, 420 ]
509 silly gunzTarPerm extractEntry deps/libiconv/lib/koi8_t.h
510 silly gunzTarPerm modified mode [ 'deps/libiconv/lib/koi8_t.h', 436, 420 ]
511 silly gunzTarPerm extractEntry deps/libiconv/lib/koi8_u.h
512 silly gunzTarPerm modified mode [ 'deps/libiconv/lib/koi8_u.h', 436, 420 ]
513 silly gunzTarPerm extractEntry deps/libiconv/lib/ksc5601.h
514 silly gunzTarPerm modified mode [ 'deps/libiconv/lib/ksc5601.h', 436, 420 ]
515 silly gunzTarPerm extractEntry deps/libiconv/lib/loop_unicode.h
516 silly gunzTarPerm modified mode [ 'deps/libiconv/lib/loop_unicode.h', 436, 420 ]
517 silly gunzTarPerm extractEntry deps/libiconv/lib/loop_wchar.h
518 silly gunzTarPerm modified mode [ 'deps/libiconv/lib/loop_wchar.h', 436, 420 ]
519 silly gunzTarPerm extractEntry deps/libiconv/lib/loops.h
520 silly gunzTarPerm modified mode [ 'deps/libiconv/lib/loops.h', 436, 420 ]
521 silly gunzTarPerm extractEntry deps/libiconv/lib/mac_arabic.h
522 silly gunzTarPerm modified mode [ 'deps/libiconv/lib/mac_arabic.h', 436, 420 ]
523 silly gunzTarPerm extractEntry deps/libiconv/lib/mac_centraleurope.h
524 silly gunzTarPerm modified mode [ 'deps/libiconv/lib/mac_centraleurope.h', 436, 420 ]
525 silly gunzTarPerm extractEntry deps/libiconv/lib/mac_croatian.h
526 silly gunzTarPerm modified mode [ 'deps/libiconv/lib/mac_croatian.h', 436, 420 ]
527 silly gunzTarPerm extractEntry deps/libiconv/lib/mac_cyrillic.h
528 silly gunzTarPerm modified mode [ 'deps/libiconv/lib/mac_cyrillic.h', 436, 420 ]
529 silly gunzTarPerm extractEntry deps/libiconv/lib/mac_greek.h
530 silly gunzTarPerm modified mode [ 'deps/libiconv/lib/mac_greek.h', 436, 420 ]
531 silly gunzTarPerm extractEntry deps/libiconv/lib/mac_hebrew.h
532 silly gunzTarPerm modified mode [ 'deps/libiconv/lib/mac_hebrew.h', 436, 420 ]
533 silly gunzTarPerm extractEntry deps/libiconv/lib/mac_iceland.h
534 silly gunzTarPerm modified mode [ 'deps/libiconv/lib/mac_iceland.h', 436, 420 ]
535 silly gunzTarPerm extractEntry deps/libiconv/lib/mac_roman.h
536 silly gunzTarPerm modified mode [ 'deps/libiconv/lib/mac_roman.h', 436, 420 ]
537 silly gunzTarPerm extractEntry deps/libiconv/lib/mac_romania.h
538 silly gunzTarPerm modified mode [ 'deps/libiconv/lib/mac_romania.h', 436, 420 ]
539 silly gunzTarPerm extractEntry deps/libiconv/lib/mac_thai.h
540 silly gunzTarPerm modified mode [ 'deps/libiconv/lib/mac_thai.h', 436, 420 ]
541 silly gunzTarPerm extractEntry deps/libiconv/lib/mac_turkish.h
542 silly gunzTarPerm modified mode [ 'deps/libiconv/lib/mac_turkish.h', 436, 420 ]
543 silly gunzTarPerm extractEntry deps/libiconv/lib/mac_ukraine.h
544 silly gunzTarPerm modified mode [ 'deps/libiconv/lib/mac_ukraine.h', 436, 420 ]
545 silly gunzTarPerm extractEntry deps/libiconv/lib/mulelao.h
546 silly gunzTarPerm modified mode [ 'deps/libiconv/lib/mulelao.h', 436, 420 ]
547 silly gunzTarPerm extractEntry deps/libiconv/lib/nextstep.h
548 silly gunzTarPerm modified mode [ 'deps/libiconv/lib/nextstep.h', 436, 420 ]
549 silly gunzTarPerm extractEntry deps/libiconv/lib/pt154.h
550 silly gunzTarPerm modified mode [ 'deps/libiconv/lib/pt154.h', 436, 420 ]
551 silly gunzTarPerm extractEntry deps/libiconv/lib/riscos1.h
552 silly gunzTarPerm modified mode [ 'deps/libiconv/lib/riscos1.h', 436, 420 ]
553 silly gunzTarPerm extractEntry deps/libiconv/lib/rk1048.h
554 silly gunzTarPerm modified mode [ 'deps/libiconv/lib/rk1048.h', 436, 420 ]
555 silly gunzTarPerm extractEntry deps/libiconv/lib/shift_jisx0213.h
556 silly gunzTarPerm modified mode [ 'deps/libiconv/lib/shift_jisx0213.h', 436, 420 ]
557 silly gunzTarPerm extractEntry deps/libiconv/lib/sjis.h
558 silly gunzTarPerm modified mode [ 'deps/libiconv/lib/sjis.h', 436, 420 ]
559 silly gunzTarPerm extractEntry deps/libiconv/lib/tcvn.h
560 silly gunzTarPerm modified mode [ 'deps/libiconv/lib/tcvn.h', 436, 420 ]
561 silly gunzTarPerm extractEntry deps/libiconv/lib/tds565.h
562 silly gunzTarPerm modified mode [ 'deps/libiconv/lib/tds565.h', 436, 420 ]
563 silly gunzTarPerm extractEntry deps/libiconv/lib/tis620.h
564 silly gunzTarPerm modified mode [ 'deps/libiconv/lib/tis620.h', 436, 420 ]
565 silly gunzTarPerm extractEntry deps/libiconv/lib/translit.h
566 silly gunzTarPerm modified mode [ 'deps/libiconv/lib/translit.h', 436, 420 ]
567 silly gunzTarPerm extractEntry deps/libiconv/lib/ucs2.h
568 silly gunzTarPerm modified mode [ 'deps/libiconv/lib/ucs2.h', 436, 420 ]
569 silly gunzTarPerm extractEntry deps/libiconv/lib/ucs2be.h
570 silly gunzTarPerm modified mode [ 'deps/libiconv/lib/ucs2be.h', 436, 420 ]
571 silly gunzTarPerm extractEntry deps/libiconv/lib/ucs2internal.h
572 silly gunzTarPerm modified mode [ 'deps/libiconv/lib/ucs2internal.h', 436, 420 ]
573 silly gunzTarPerm extractEntry deps/libiconv/lib/ucs2le.h
574 silly gunzTarPerm modified mode [ 'deps/libiconv/lib/ucs2le.h', 436, 420 ]
575 silly gunzTarPerm extractEntry deps/libiconv/lib/ucs2swapped.h
576 silly gunzTarPerm modified mode [ 'deps/libiconv/lib/ucs2swapped.h', 436, 420 ]
577 silly gunzTarPerm extractEntry deps/libiconv/lib/ucs4.h
578 silly gunzTarPerm modified mode [ 'deps/libiconv/lib/ucs4.h', 436, 420 ]
579 silly gunzTarPerm extractEntry deps/libiconv/lib/ucs4be.h
580 silly gunzTarPerm modified mode [ 'deps/libiconv/lib/ucs4be.h', 436, 420 ]
581 silly gunzTarPerm extractEntry deps/libiconv/lib/ucs4internal.h
582 silly gunzTarPerm modified mode [ 'deps/libiconv/lib/ucs4internal.h', 436, 420 ]
583 silly gunzTarPerm extractEntry deps/libiconv/lib/ucs4le.h
584 silly gunzTarPerm modified mode [ 'deps/libiconv/lib/ucs4le.h', 436, 420 ]
585 silly gunzTarPerm extractEntry deps/libiconv/lib/ucs4swapped.h
586 silly gunzTarPerm modified mode [ 'deps/libiconv/lib/ucs4swapped.h', 436, 420 ]
587 silly gunzTarPerm extractEntry deps/libiconv/lib/uhc_1.h
588 silly gunzTarPerm modified mode [ 'deps/libiconv/lib/uhc_1.h', 436, 420 ]
589 silly gunzTarPerm extractEntry deps/libiconv/lib/uhc_2.h
590 silly gunzTarPerm modified mode [ 'deps/libiconv/lib/uhc_2.h', 436, 420 ]
591 silly gunzTarPerm extractEntry deps/libiconv/lib/utf16.h
592 silly gunzTarPerm modified mode [ 'deps/libiconv/lib/utf16.h', 436, 420 ]
593 silly gunzTarPerm extractEntry deps/libiconv/lib/utf16be.h
594 silly gunzTarPerm modified mode [ 'deps/libiconv/lib/utf16be.h', 436, 420 ]
595 silly gunzTarPerm extractEntry deps/libiconv/lib/utf16le.h
596 silly gunzTarPerm modified mode [ 'deps/libiconv/lib/utf16le.h', 436, 420 ]
597 silly gunzTarPerm extractEntry deps/libiconv/lib/utf32.h
598 silly gunzTarPerm modified mode [ 'deps/libiconv/lib/utf32.h', 436, 420 ]
599 silly gunzTarPerm extractEntry deps/libiconv/lib/utf32be.h
600 silly gunzTarPerm modified mode [ 'deps/libiconv/lib/utf32be.h', 436, 420 ]
601 silly gunzTarPerm extractEntry deps/libiconv/lib/utf32le.h
602 silly gunzTarPerm modified mode [ 'deps/libiconv/lib/utf32le.h', 436, 420 ]
603 silly gunzTarPerm extractEntry deps/libiconv/lib/utf7.h
604 silly gunzTarPerm modified mode [ 'deps/libiconv/lib/utf7.h', 436, 420 ]
605 silly gunzTarPerm extractEntry deps/libiconv/lib/utf8.h
606 silly gunzTarPerm modified mode [ 'deps/libiconv/lib/utf8.h', 436, 420 ]
607 silly gunzTarPerm extractEntry deps/libiconv/lib/vietcomb.h
608 silly gunzTarPerm modified mode [ 'deps/libiconv/lib/vietcomb.h', 436, 420 ]
609 silly gunzTarPerm extractEntry deps/libiconv/lib/viscii.h
610 silly gunzTarPerm modified mode [ 'deps/libiconv/lib/viscii.h', 436, 420 ]
611 silly gunzTarPerm extractEntry lib/iconv.js
612 silly gunzTarPerm extractEntry src/binding.cc
613 silly gunzTarPerm extractEntry support/config.h
614 silly gunzTarPerm modified mode [ 'support/config.h', 436, 420 ]
615 silly gunzTarPerm extractEntry support/iconv.h
616 silly gunzTarPerm modified mode [ 'support/iconv.h', 436, 420 ]
617 silly gunzTarPerm extractEntry support/localcharset.c
618 silly gunzTarPerm modified mode [ 'support/localcharset.c', 436, 420 ]
619 silly gunzTarPerm extractEntry support/localcharset.h
620 silly gunzTarPerm modified mode [ 'support/localcharset.h', 436, 420 ]
621 silly gunzTarPerm extractEntry test/fixtures/lorem-ipsum.txt
622 silly gunzTarPerm modified mode [ 'test/fixtures/lorem-ipsum.txt', 436, 420 ]
623 silly gunzTarPerm extractEntry test/run-tests.js
624 silly gunzTarPerm modified mode [ 'test/run-tests.js', 436, 420 ]
625 silly gunzTarPerm extractEntry test/test-basic.js
626 silly gunzTarPerm extractEntry test/test-big-buffer.js
627 silly gunzTarPerm extractEntry test/test-stream.js
628 silly gentlyRm /Users/hara/code/xml-stream/node_modules/.staging/iconv-0971a266/node_modules is being purged
629 verbose gentlyRm don't care about contents; nuking /Users/hara/code/xml-stream/node_modules/.staging/iconv-0971a266/node_modules
630 silly doParallel preinstall 2
631 silly preinstall safer-buffer@2.1.2 /Users/hara/code/xml-stream/node_modules/.staging/safer-buffer-2c7b0617
632 info lifecycle safer-buffer@2.1.2~preinstall: safer-buffer@2.1.2
633 silly preinstall iconv@2.3.1 /Users/hara/code/xml-stream/node_modules/.staging/iconv-0971a266
634 info lifecycle iconv@2.3.1~preinstall: iconv@2.3.1
635 silly lifecycle safer-buffer@2.1.2~preinstall: no script for preinstall, continuing
636 silly lifecycle iconv@2.3.1~preinstall: no script for preinstall, continuing
637 silly doReverseSerial remove 0
638 silly doSerial move 0
639 silly doSerial finalize 2
640 silly finalize /Users/hara/code/xml-stream/node_modules/safer-buffer
641 silly finalize /Users/hara/code/xml-stream/node_modules/iconv
642 silly doSerial build 2
643 silly build safer-buffer@2.1.2
644 info linkStuff safer-buffer@2.1.2
645 silly linkStuff safer-buffer@2.1.2 has /Users/hara/code/xml-stream/node_modules as its parent node_modules
646 verbose linkBins safer-buffer@2.1.2
647 verbose linkMans safer-buffer@2.1.2
648 silly build iconv@2.3.1
649 info linkStuff iconv@2.3.1
650 silly linkStuff iconv@2.3.1 has /Users/hara/code/xml-stream/node_modules as its parent node_modules
651 verbose linkBins iconv@2.3.1
652 verbose linkMans iconv@2.3.1
653 silly doSerial global-link 0
654 silly doParallel update-linked 0
655 silly doSerial install 2
656 silly install safer-buffer@2.1.2 /Users/hara/code/xml-stream/node_modules/.staging/safer-buffer-2c7b0617
657 info lifecycle safer-buffer@2.1.2~install: safer-buffer@2.1.2
658 silly lifecycle safer-buffer@2.1.2~install: no script for install, continuing
659 silly install iconv@2.3.1 /Users/hara/code/xml-stream/node_modules/.staging/iconv-0971a266
660 info lifecycle iconv@2.3.1~install: iconv@2.3.1
661 verbose lifecycle iconv@2.3.1~install: unsafe-perm in lifecycle true
662 verbose lifecycle iconv@2.3.1~install: PATH: /Users/hara/.nvm/versions/node/v6.10.3/lib/node_modules/npm/bin/node-gyp-bin:/Users/hara/code/xml-stream/node_modules/iconv/node_modules/.bin:/Users/hara/code/xml-stream/node_modules/.bin:/Users/hara/.nvm/versions/node/v6.10.3/bin:/Users/hara/Downloads/google-cloud-sdk/bin:/usr/local/bin:/usr/bin:/bin:/usr/sbin:/sbin
663 verbose lifecycle iconv@2.3.1~install: CWD: /Users/hara/code/xml-stream/node_modules/iconv
664 silly lifecycle iconv@2.3.1~install: Args: [ '-c', 'node-gyp rebuild' ]
665 silly lifecycle iconv@2.3.1~install: Returned: code: 1  signal: null
666 info lifecycle iconv@2.3.1~install: Failed to exec install script
667 verbose unlock done using /Users/hara/.npm/_locks/staging-049347c6db8d08d6.lock for /Users/hara/code/xml-stream/node_modules/.staging
668 silly rollbackFailedOptional Starting
669 silly rollbackFailedOptional Finishing
670 silly runTopLevelLifecycles Finishing
671 silly install printInstalled
672 verbose stack Error: iconv@2.3.1 install: `node-gyp rebuild`
672 verbose stack Exit status 1
672 verbose stack     at EventEmitter.<anonymous> (/Users/hara/.nvm/versions/node/v6.10.3/lib/node_modules/npm/lib/utils/lifecycle.js:255:16)
672 verbose stack     at emitTwo (events.js:106:13)
672 verbose stack     at EventEmitter.emit (events.js:191:7)
672 verbose stack     at ChildProcess.<anonymous> (/Users/hara/.nvm/versions/node/v6.10.3/lib/node_modules/npm/lib/utils/spawn.js:40:14)
672 verbose stack     at emitTwo (events.js:106:13)
672 verbose stack     at ChildProcess.emit (events.js:191:7)
672 verbose stack     at maybeClose (internal/child_process.js:886:16)
672 verbose stack     at Process.ChildProcess._handle.onexit (internal/child_process.js:226:5)
673 verbose pkgid iconv@2.3.1
674 verbose cwd /Users/hara/code/xml-stream
675 error Darwin 18.2.0
676 error argv "/Users/hara/.nvm/versions/node/v6.10.3/bin/node" "/Users/hara/.nvm/versions/node/v6.10.3/bin/npm" "i"
677 error node v6.10.3
678 error npm  v3.10.10
679 error code ELIFECYCLE
680 error iconv@2.3.1 install: `node-gyp rebuild`
680 error Exit status 1
681 error Failed at the iconv@2.3.1 install script 'node-gyp rebuild'.
681 error Make sure you have the latest version of node.js and npm installed.
681 error If you do, this is most likely a problem with the iconv package,
681 error not with npm itself.
681 error Tell the author that this fails on your system:
681 error     node-gyp rebuild
681 error You can get information on how to open an issue for this project with:
681 error     npm bugs iconv
681 error Or if that isn't available, you can get their info via:
681 error     npm owner ls iconv
681 error There is likely additional logging output above.
682 verbose exit [ 1, true ]
